  ConsoleApplication1.cpp
C:\Users\saliou.diallo\Desktop\My Documents\CONFIDENTIAL\DCCCD CLASSES\COSC-1436-81001 Programming Fundamentals I\INTRO-DOWNLOADING AND USING THE SOFTWARE\ConsoleApplication1\ConsoleApplication1\ConsoleApplication1.cpp(16,5): error C2146: syntax error: missing ';' before identifier 'length'
C:\Program Files (x86)\Microsoft Visual Studio\2019\Community\MSBuild\Microsoft\VC\v160\Microsoft.CppCommon.targets(518,5): error MSB6003: The specified task executable "CL.exe" could not be run. System.IO.DirectoryNotFoundException: Could not find a part of the path 'C:\Users\saliou.diallo\Desktop\My Documents\CONFIDENTIAL\DCCCD CLASSES\COSC-1436-81001 Programming Fundamentals I\INTRO-DOWNLOADING AND USING THE SOFTWARE\ConsoleApplication1\ConsoleApplication1\Debug\ConsoleA.9a0bab1f.tlog'.
C:\Program Files (x86)\Microsoft Visual Studio\2019\Community\MSBuild\Microsoft\VC\v160\Microsoft.CppCommon.targets(518,5): error MSB6003:    at System.IO.__Error.WinIOError(Int32 errorCode, String maybeFullPath)
C:\Program Files (x86)\Microsoft Visual Studio\2019\Community\MSBuild\Microsoft\VC\v160\Microsoft.CppCommon.targets(518,5): error MSB6003:    at System.IO.FileSystemEnumerableIterator`1.CommonInit()
C:\Program Files (x86)\Microsoft Visual Studio\2019\Community\MSBuild\Microsoft\VC\v160\Microsoft.CppCommon.targets(518,5): error MSB6003:    at System.IO.FileSystemEnumerableIterator`1..ctor(String path, String originalUserPath, String searchPattern, SearchOption searchOption, SearchResultHandler`1 resultHandler, Boolean checkHost)
C:\Program Files (x86)\Microsoft Visual Studio\2019\Community\MSBuild\Microsoft\VC\v160\Microsoft.CppCommon.targets(518,5): error MSB6003:    at System.IO.Directory.GetFiles(String path, String searchPattern)
C:\Program Files (x86)\Microsoft Visual Studio\2019\Community\MSBuild\Microsoft\VC\v160\Microsoft.CppCommon.targets(518,5): error MSB6003:    at Microsoft.Build.Utilities.TrackedDependencies.ExpandWildcards(ITaskItem[] expand)
C:\Program Files (x86)\Microsoft Visual Studio\2019\Community\MSBuild\Microsoft\VC\v160\Microsoft.CppCommon.targets(518,5): error MSB6003:    at Microsoft.Build.Utilities.CanonicalTrackedOutputFiles.InternalConstruct(ITask ownerTask, ITaskItem[] tlogFiles, Boolean constructOutputsFromTLogs)
C:\Program Files (x86)\Microsoft Visual Studio\2019\Community\MSBuild\Microsoft\VC\v160\Microsoft.CppCommon.targets(518,5): error MSB6003:    at Microsoft.Build.Utilities.CanonicalTrackedOutputFiles..ctor(ITaskItem[] tlogFiles)
C:\Program Files (x86)\Microsoft Visual Studio\2019\Community\MSBuild\Microsoft\VC\v160\Microsoft.CppCommon.targets(518,5): error MSB6003:    at Microsoft.Build.CPPTasks.CL.PostExecuteTool(Int32 exitCode)
C:\Program Files (x86)\Microsoft Visual Studio\2019\Community\MSBuild\Microsoft\VC\v160\Microsoft.CppCommon.targets(518,5): error MSB6003:    at Microsoft.Build.CPPTasks.TrackedVCToolTask.ExecuteTool(String pathToTool, String responseFileCommands, String commandLineCommands)
C:\Program Files (x86)\Microsoft Visual Studio\2019\Community\MSBuild\Microsoft\VC\v160\Microsoft.CppCommon.targets(518,5): error MSB6003:    at Microsoft.Build.Utilities.ToolTask.Execute()
